2026-02-15 01:13:29.260 +06:00 [INF] Browser Setup is started.
2026-02-15 01:13:32.424 +06:00 [INF] Browser Setup is finished.
2026-02-15 01:13:32.425 +06:00 [INF] Goto the url:https://parabank.parasoft.com/parabank/index.htm
2026-02-15 01:13:32.428 +06:00 [INF] ExcelPath: C:\Users\mohai\source\repos\ParaBank_Playwright_DotNet\ParaBank_Playwright_DotNet\Resources/TestData\ParaBankTestData.xlsx
2026-02-15 01:13:32.428 +06:00 [INF] Excel Sheet Name: RegisterData
2026-02-15 01:13:32.505 +06:00 [INF] Click on the registration link.
2026-02-15 01:13:32.855 +06:00 [INF] Enter the first name: Alex
2026-02-15 01:13:33.204 +06:00 [INF] Enter the last name: Carter
2026-02-15 01:13:33.222 +06:00 [INF] Enter the address: 123 Maple Street
2026-02-15 01:13:33.239 +06:00 [INF] Enter the city: Denver
2026-02-15 01:13:33.258 +06:00 [INF] Enter the state: CO
2026-02-15 01:13:33.274 +06:00 [INF] Enter the zip code: 80202
2026-02-15 01:13:33.289 +06:00 [INF] Enter the phone number: (303) 555-0198
2026-02-15 01:13:33.302 +06:00 [INF] Enter the SSN: 123-45-6789
2026-02-15 01:13:33.314 +06:00 [INF] Enter the username: Alex
2026-02-15 01:13:33.328 +06:00 [INF] Enter the password: Passw0rd!
2026-02-15 01:13:33.342 +06:00 [INF] Enter the confirm password: Passw0rd!
2026-02-15 01:13:33.353 +06:00 [INF] Click on the registration button
2026-02-15 01:13:33.675 +06:00 [INF] Checking, Welcome Message after registration is displaying or not
2026-02-15 01:13:38.430 +06:00 [INF] Tear Down and Closing the Driver.
2026-02-15 01:13:38.717 +06:00 [INF] Browser Setup is started.
2026-02-15 01:13:41.468 +06:00 [INF] Browser Setup is finished.
2026-02-15 01:13:41.468 +06:00 [INF] Goto the url:https://parabank.parasoft.com/parabank/index.htm
2026-02-15 01:13:41.469 +06:00 [INF] ExcelPath: C:\Users\mohai\source\repos\ParaBank_Playwright_DotNet\ParaBank_Playwright_DotNet\Resources/TestData\ParaBankTestData.xlsx
2026-02-15 01:13:41.469 +06:00 [INF] Excel Sheet Name: LoginData
2026-02-15 01:13:41.474 +06:00 [INF] Enter the username: Alex
2026-02-15 01:13:41.512 +06:00 [INF] Enter the password: Passw0rd!
2026-02-15 01:13:41.524 +06:00 [INF] Click on the login button
2026-02-15 01:13:42.184 +06:00 [INF] Checking, Account Overview Header is displaying or not
2026-02-15 01:13:42.640 +06:00 [INF] Tear Down and Closing the Driver.
2026-02-15 01:13:42.907 +06:00 [INF] Browser Setup is started.
2026-02-15 01:13:46.021 +06:00 [INF] Browser Setup is finished.
2026-02-15 01:13:46.021 +06:00 [INF] Goto the url:https://parabank.parasoft.com/parabank/index.htm
2026-02-15 01:13:46.022 +06:00 [INF] ExcelPath: C:\Users\mohai\source\repos\ParaBank_Playwright_DotNet\ParaBank_Playwright_DotNet\Resources/TestData\ParaBankTestData.xlsx
2026-02-15 01:13:46.022 +06:00 [INF] Excel Sheet Name: LogoutData
2026-02-15 01:13:46.027 +06:00 [INF] Enter the username: Alex
2026-02-15 01:13:46.072 +06:00 [INF] Enter the password: Passw0rd!
2026-02-15 01:13:46.086 +06:00 [INF] Click on the login button
2026-02-15 01:13:47.203 +06:00 [INF] Click on the logout link
2026-02-15 01:13:47.829 +06:00 [INF] Checking, Customer Login Header is visible or not.
2026-02-15 01:13:48.258 +06:00 [INF] Tear Down and Closing the Driver.
2026-02-15 01:13:48.520 +06:00 [INF] Browser Setup is started.
2026-02-15 01:13:51.404 +06:00 [INF] Browser Setup is finished.
2026-02-15 01:13:51.404 +06:00 [INF] Goto the url:https://parabank.parasoft.com/parabank/index.htm
2026-02-15 01:13:51.406 +06:00 [INF] ExcelPath: C:\Users\mohai\source\repos\ParaBank_Playwright_DotNet\ParaBank_Playwright_DotNet\Resources/TestData\ParaBankTestData.xlsx
2026-02-15 01:13:51.406 +06:00 [INF] Excel Sheet Name: ForgotLoginInfoData
2026-02-15 01:13:51.418 +06:00 [INF] Click on forgot login info link
2026-02-15 01:13:51.782 +06:00 [INF] Enter first name: Alex
2026-02-15 01:13:51.852 +06:00 [INF] Enter last name: Carter
2026-02-15 01:13:51.884 +06:00 [INF] Enter address: 123 Maple Street
2026-02-15 01:13:51.904 +06:00 [INF] Enter city name: Denver
2026-02-15 01:13:51.917 +06:00 [INF] Enter state name: CO
2026-02-15 01:13:51.931 +06:00 [INF] Enter the zip code: 80202
2026-02-15 01:13:51.943 +06:00 [INF] Enter the SSN: 123-45-6789
2026-02-15 01:13:51.955 +06:00 [INF] Click on 'Find My Login Info' button
2026-02-15 01:13:52.307 +06:00 [INF] Checking, Login info is visible or not
2026-02-15 01:14:22.324 +06:00 [INF] Timeout 30000ms exceeded.
Call log:
  - waiting for Locator("//*[@id=\"rightPanel\"]/p[2]")
2026-02-15 01:14:22.474 +06:00 [INF] Tear Down and Closing the Driver.
2026-02-15 01:14:22.792 +06:00 [INF] Browser Setup is started.
2026-02-15 01:14:25.458 +06:00 [INF] Browser Setup is finished.
2026-02-15 01:14:25.459 +06:00 [INF] Goto the url:https://parabank.parasoft.com/parabank/index.htm
2026-02-15 01:14:25.460 +06:00 [INF] ExcelPath: C:\Users\mohai\source\repos\ParaBank_Playwright_DotNet\ParaBank_Playwright_DotNet\Resources/TestData\ParaBankTestData.xlsx
2026-02-15 01:14:25.460 +06:00 [INF] Excel Sheet Name: OpenNewAccountData
2026-02-15 01:14:25.460 +06:00 [INF] Enter the username: Alex
2026-02-15 01:14:25.499 +06:00 [INF] Enter the password: Passw0rd!
2026-02-15 01:14:25.511 +06:00 [INF] Click on the login button
2026-02-15 01:14:26.125 +06:00 [INF] Click on Open New Account Link
2026-02-15 01:14:26.513 +06:00 [INF] Select the account type: 
2026-02-15 01:14:56.543 +06:00 [ERR] Timeout 30000ms exceeded.
Call log:
  - waiting for Locator("//select[@id='type']")
    - locator resolved to <select id="type" class="input">…</select>
  - attempting select option action
    2 × waiting for element to be visible and enabled
      - did not find some options
    - retrying select option action
    - waiting 20ms
    2 × waiting for element to be visible and enabled
      - did not find some options
    - retrying select option action
      - waiting 100ms
    58 × waiting for element to be visible and enabled
       - did not find some options
     - retrying select option action
       - waiting 500ms
2026-02-15 01:14:56.683 +06:00 [INF] Tear Down and Closing the Driver.
2026-02-15 01:17:52.219 +06:00 [INF] Browser Setup is started.
2026-02-15 01:17:55.437 +06:00 [INF] Browser Setup is finished.
2026-02-15 01:17:55.437 +06:00 [INF] Goto the url:https://parabank.parasoft.com/parabank/index.htm
2026-02-15 01:17:55.440 +06:00 [INF] ExcelPath: C:\Users\mohai\source\repos\ParaBank_Playwright_DotNet\ParaBank_Playwright_DotNet\Resources/TestData\ParaBankTestData.xlsx
2026-02-15 01:17:55.440 +06:00 [INF] Excel Sheet Name: OpenNewAccountData
2026-02-15 01:17:55.442 +06:00 [INF] Enter the username: 
2026-02-15 01:17:55.488 +06:00 [INF] Enter the password: 
2026-02-15 01:17:55.503 +06:00 [INF] Click on the login button
2026-02-15 01:17:55.851 +06:00 [INF] Click on Open New Account Link
2026-02-15 01:18:00.595 +06:00 [ERR] Target page, context or browser has been closed
Call log:
  - waiting for Locator("//a[normalize-space()='Open New Account']")
2026-02-15 01:18:03.838 +06:00 [INF] Browser Setup is started.
2026-02-15 01:18:06.855 +06:00 [INF] Browser Setup is finished.
2026-02-15 01:18:06.855 +06:00 [INF] Goto the url:https://parabank.parasoft.com/parabank/index.htm
2026-02-15 01:18:06.858 +06:00 [INF] ExcelPath: C:\Users\mohai\source\repos\ParaBank_Playwright_DotNet\ParaBank_Playwright_DotNet\Resources/TestData\ParaBankTestData.xlsx
2026-02-15 01:18:06.858 +06:00 [INF] Excel Sheet Name: OpenNewAccountData
2026-02-15 01:18:06.860 +06:00 [INF] Enter the username: 
2026-02-15 01:18:06.904 +06:00 [INF] Enter the password: 
2026-02-15 01:18:06.918 +06:00 [INF] Click on the login button
2026-02-15 01:18:07.237 +06:00 [INF] Click on Open New Account Link
2026-02-15 01:18:09.004 +06:00 [ERR] Target page, context or browser has been closed
Call log:
  - waiting for Locator("//a[normalize-space()='Open New Account']")
2026-02-15 01:20:30.803 +06:00 [INF] Browser Setup is started.
2026-02-15 01:20:34.107 +06:00 [INF] Browser Setup is finished.
2026-02-15 01:20:34.107 +06:00 [INF] Goto the url:https://parabank.parasoft.com/parabank/index.htm
2026-02-15 01:20:34.109 +06:00 [INF] ExcelPath: C:\Users\mohai\source\repos\ParaBank_Playwright_DotNet\ParaBank_Playwright_DotNet\Resources/TestData\ParaBankTestData.xlsx
2026-02-15 01:20:34.110 +06:00 [INF] Excel Sheet Name: OpenNewAccountData
2026-02-15 01:20:34.159 +06:00 [INF] Enter the username: Alex
2026-02-15 01:20:34.201 +06:00 [INF] Enter the password: Passw0rd!
2026-02-15 01:20:34.215 +06:00 [INF] Click on the login button
2026-02-15 01:20:34.906 +06:00 [INF] Click on Open New Account Link
2026-02-15 01:20:35.339 +06:00 [INF] Select the account type: SAVINGS
2026-02-15 01:20:35.369 +06:00 [INF] Select From Account ID: 0
2026-02-15 01:20:36.144 +06:00 [INF] Click on open account button
2026-02-15 01:20:36.178 +06:00 [INF] Checking, New Account Id is visible or not
2026-02-15 01:20:36.184 +06:00 [INF] New Account Id/Number: 
2026-02-15 01:20:36.204 +06:00 [ERR]   Assert.That(actualResult, Is.True)
  Expected: True
  But was:  False

2026-02-15 01:20:41.011 +06:00 [INF] Tear Down and Closing the Driver.
2026-02-15 01:23:50.979 +06:00 [INF] Browser Setup is started.
2026-02-15 01:23:54.114 +06:00 [INF] Browser Setup is finished.
2026-02-15 01:23:54.115 +06:00 [INF] Goto the url:https://parabank.parasoft.com/parabank/index.htm
2026-02-15 01:23:54.116 +06:00 [INF] ExcelPath: C:\Users\mohai\source\repos\ParaBank_Playwright_DotNet\ParaBank_Playwright_DotNet\Resources/TestData\ParaBankTestData.xlsx
2026-02-15 01:23:54.116 +06:00 [INF] Excel Sheet Name: OpenNewAccountData
2026-02-15 01:23:54.173 +06:00 [INF] Enter the username: Alex
2026-02-15 01:23:54.210 +06:00 [INF] Enter the password: Passw0rd!
2026-02-15 01:23:54.225 +06:00 [INF] Click on the login button
2026-02-15 01:23:54.895 +06:00 [INF] Click on Open New Account Link
2026-02-15 01:23:55.374 +06:00 [INF] Select the account type: SAVINGS
2026-02-15 01:23:55.406 +06:00 [INF] Select From Account ID: 0
2026-02-15 01:23:55.666 +06:00 [INF] Click on open account button
2026-02-15 01:23:55.698 +06:00 [INF] Checking, Congrates message is visible or not
2026-02-15 01:23:55.704 +06:00 [INF] Checking, New Account Id is visible or not
2026-02-15 01:23:55.711 +06:00 [INF] New Account Id/Number: 
2026-02-15 01:23:55.731 +06:00 [ERR]   Assert.That(actualResult, Is.True)
  Expected: True
  But was:  False

2026-02-15 01:24:00.635 +06:00 [INF] Tear Down and Closing the Driver.
2026-02-15 01:27:12.677 +06:00 [INF] Browser Setup is started.
2026-02-15 01:27:15.702 +06:00 [INF] Browser Setup is finished.
2026-02-15 01:27:15.702 +06:00 [INF] Goto the url:https://parabank.parasoft.com/parabank/index.htm
2026-02-15 01:27:15.704 +06:00 [INF] ExcelPath: C:\Users\mohai\source\repos\ParaBank_Playwright_DotNet\ParaBank_Playwright_DotNet\Resources/TestData\ParaBankTestData.xlsx
2026-02-15 01:27:15.705 +06:00 [INF] Excel Sheet Name: OpenNewAccountData
2026-02-15 01:27:15.757 +06:00 [INF] Enter the username: Alex
2026-02-15 01:27:15.799 +06:00 [INF] Enter the password: Passw0rd!
2026-02-15 01:27:15.815 +06:00 [INF] Click on the login button
2026-02-15 01:27:16.469 +06:00 [INF] Click on Open New Account Link
2026-02-15 01:27:16.850 +06:00 [INF] Select the account type: SAVINGS
2026-02-15 01:27:16.887 +06:00 [INF] Select From Account ID: 0
2026-02-15 01:27:17.650 +06:00 [INF] Click on open account button
2026-02-15 01:27:17.685 +06:00 [INF] Checking, Congrates message is visible or not
2026-02-15 01:27:17.691 +06:00 [INF] Checking, New Account Id is visible or not
2026-02-15 01:27:17.698 +06:00 [INF] New Account Id/Number: 
2026-02-15 01:27:17.714 +06:00 [ERR]   Assert.That(actualResult, Is.True)
  Expected: True
  But was:  False

2026-02-15 01:27:22.703 +06:00 [INF] Tear Down and Closing the Driver.
2026-02-15 01:30:29.424 +06:00 [INF] Browser Setup is started.
2026-02-15 01:30:32.632 +06:00 [INF] Browser Setup is finished.
2026-02-15 01:30:32.633 +06:00 [INF] Goto the url:https://parabank.parasoft.com/parabank/index.htm
2026-02-15 01:30:32.635 +06:00 [INF] ExcelPath: C:\Users\mohai\source\repos\ParaBank_Playwright_DotNet\ParaBank_Playwright_DotNet\Resources/TestData\ParaBankTestData.xlsx
2026-02-15 01:30:32.636 +06:00 [INF] Excel Sheet Name: OpenNewAccountData
2026-02-15 01:30:32.690 +06:00 [INF] Enter the username: Alex
2026-02-15 01:30:32.734 +06:00 [INF] Enter the password: Passw0rd!
2026-02-15 01:30:32.749 +06:00 [INF] Click on the login button
2026-02-15 01:30:33.502 +06:00 [INF] Click on Open New Account Link
2026-02-15 01:30:33.930 +06:00 [INF] Select the account type: SAVINGS
2026-02-15 01:30:33.960 +06:00 [INF] Select From Account ID: 0
2026-02-15 01:30:34.736 +06:00 [INF] Click on open account button
2026-02-15 01:30:34.776 +06:00 [INF] Checking, Congrates message is visible or not
2026-02-15 01:30:34.783 +06:00 [INF] Checking, New Account Id is visible or not
2026-02-15 01:30:35.117 +06:00 [INF] New Account Id/Number: 16785
2026-02-15 01:30:35.137 +06:00 [ERR]   Assert.That(actualResult, Is.True)
  Expected: True
  But was:  False

2026-02-15 01:30:40.153 +06:00 [INF] Tear Down and Closing the Driver.
2026-02-15 01:31:26.307 +06:00 [INF] Browser Setup is started.
2026-02-15 01:31:29.325 +06:00 [INF] Browser Setup is finished.
2026-02-15 01:31:29.325 +06:00 [INF] Goto the url:https://parabank.parasoft.com/parabank/index.htm
2026-02-15 01:31:29.328 +06:00 [INF] ExcelPath: C:\Users\mohai\source\repos\ParaBank_Playwright_DotNet\ParaBank_Playwright_DotNet\Resources/TestData\ParaBankTestData.xlsx
2026-02-15 01:31:29.328 +06:00 [INF] Excel Sheet Name: OpenNewAccountData
2026-02-15 01:31:29.380 +06:00 [INF] Enter the username: Alex
2026-02-15 01:31:29.420 +06:00 [INF] Enter the password: Passw0rd!
2026-02-15 01:31:29.436 +06:00 [INF] Click on the login button
2026-02-15 01:31:30.069 +06:00 [INF] Click on Open New Account Link
2026-02-15 01:31:30.457 +06:00 [INF] Select the account type: SAVINGS
2026-02-15 01:31:30.489 +06:00 [INF] Select From Account ID: 0
2026-02-15 01:31:30.745 +06:00 [INF] Click on open account button
2026-02-15 01:31:30.791 +06:00 [INF] Checking, Congrates message is visible or not
2026-02-15 01:31:30.797 +06:00 [INF] Checking, New Account Id is visible or not
2026-02-15 01:31:31.137 +06:00 [INF] New Account Id/Number: 16896
2026-02-15 01:31:31.151 +06:00 [ERR]   Assert.That(actualResult, Is.True)
  Expected: True
  But was:  False

2026-02-15 01:31:36.098 +06:00 [INF] Tear Down and Closing the Driver.
2026-02-15 01:34:08.660 +06:00 [INF] Browser Setup is started.
2026-02-15 01:34:11.984 +06:00 [INF] Browser Setup is finished.
2026-02-15 01:34:11.985 +06:00 [INF] Goto the url:https://parabank.parasoft.com/parabank/index.htm
2026-02-15 01:34:11.986 +06:00 [INF] ExcelPath: C:\Users\mohai\source\repos\ParaBank_Playwright_DotNet\ParaBank_Playwright_DotNet\Resources/TestData\ParaBankTestData.xlsx
2026-02-15 01:34:11.986 +06:00 [INF] Excel Sheet Name: OpenNewAccountData
2026-02-15 01:34:12.043 +06:00 [INF] Enter the username: Alex
2026-02-15 01:34:12.085 +06:00 [INF] Enter the password: Passw0rd!
2026-02-15 01:34:12.100 +06:00 [INF] Click on the login button
2026-02-15 01:34:12.829 +06:00 [INF] Click on Open New Account Link
2026-02-15 01:34:13.263 +06:00 [INF] Select the account type: SAVINGS
2026-02-15 01:34:13.295 +06:00 [INF] Select From Account ID: 0
2026-02-15 01:34:14.076 +06:00 [INF] Click on open account button
2026-02-15 01:34:14.107 +06:00 [INF] Checking, Congrates message is visible or not
2026-02-15 01:34:14.113 +06:00 [DBG] Congrats Message:False
2026-02-15 01:34:14.114 +06:00 [INF] Checking, New Account Id is visible or not
2026-02-15 01:34:14.441 +06:00 [INF] New Account Id/Number: 17007
2026-02-15 01:34:14.441 +06:00 [DBG] New Account Number:True
2026-02-15 01:34:14.441 +06:00 [DBG] Actual Result: False
2026-02-15 01:34:14.456 +06:00 [ERR]   Assert.That(actualResult, Is.True)
  Expected: True
  But was:  False

2026-02-15 01:34:19.437 +06:00 [INF] Tear Down and Closing the Driver.
2026-02-15 01:35:43.778 +06:00 [INF] Browser Setup is started.
2026-02-15 01:35:46.956 +06:00 [INF] Browser Setup is finished.
2026-02-15 01:35:46.956 +06:00 [INF] Goto the url:https://parabank.parasoft.com/parabank/index.htm
2026-02-15 01:35:46.959 +06:00 [INF] ExcelPath: C:\Users\mohai\source\repos\ParaBank_Playwright_DotNet\ParaBank_Playwright_DotNet\Resources/TestData\ParaBankTestData.xlsx
2026-02-15 01:35:46.959 +06:00 [INF] Excel Sheet Name: OpenNewAccountData
2026-02-15 01:35:47.016 +06:00 [INF] Enter the username: Alex
2026-02-15 01:35:47.059 +06:00 [INF] Enter the password: Passw0rd!
2026-02-15 01:35:47.074 +06:00 [INF] Click on the login button
2026-02-15 01:35:47.775 +06:00 [INF] Click on Open New Account Link
2026-02-15 01:35:48.194 +06:00 [INF] Select the account type: SAVINGS
2026-02-15 01:35:48.227 +06:00 [INF] Select From Account ID: 0
2026-02-15 01:35:48.982 +06:00 [INF] Click on open account button
2026-02-15 01:35:49.028 +06:00 [INF] Checking, Congrates message is visible or not
2026-02-15 01:35:49.357 +06:00 [DBG] Congrats Message:True
2026-02-15 01:35:49.357 +06:00 [INF] Checking, New Account Id is visible or not
2026-02-15 01:35:49.368 +06:00 [INF] New Account Id/Number: 17118
2026-02-15 01:35:49.368 +06:00 [DBG] New Account Number:True
2026-02-15 01:35:49.368 +06:00 [DBG] Actual Result: True
2026-02-15 01:35:54.359 +06:00 [INF] Tear Down and Closing the Driver.
2026-02-15 01:36:44.743 +06:00 [INF] Browser Setup is started.
2026-02-15 01:36:47.754 +06:00 [INF] Browser Setup is finished.
2026-02-15 01:36:47.755 +06:00 [INF] Goto the url:https://parabank.parasoft.com/parabank/index.htm
2026-02-15 01:36:47.758 +06:00 [INF] ExcelPath: C:\Users\mohai\source\repos\ParaBank_Playwright_DotNet\ParaBank_Playwright_DotNet\Resources/TestData\ParaBankTestData.xlsx
2026-02-15 01:36:47.758 +06:00 [INF] Excel Sheet Name: OpenNewAccountData
2026-02-15 01:36:47.813 +06:00 [INF] Enter the username: Alex
2026-02-15 01:36:47.855 +06:00 [INF] Enter the password: Passw0rd!
2026-02-15 01:36:47.871 +06:00 [INF] Click on the login button
2026-02-15 01:36:48.515 +06:00 [INF] Click on Open New Account Link
2026-02-15 01:36:48.915 +06:00 [INF] Select the account type: SAVINGS
2026-02-15 01:36:48.945 +06:00 [INF] Select From Account ID: 0
2026-02-15 01:36:49.197 +06:00 [INF] Click on open account button
2026-02-15 01:36:49.243 +06:00 [INF] Checking, Congrates message is visible or not
2026-02-15 01:36:49.581 +06:00 [DBG] Congrats Message:True
2026-02-15 01:36:49.582 +06:00 [INF] Checking, New Account Id is visible or not
2026-02-15 01:36:49.592 +06:00 [INF] New Account Id/Number: 17340
2026-02-15 01:36:49.596 +06:00 [DBG] New Account Number:True
2026-02-15 01:36:49.597 +06:00 [DBG] Actual Result: True
2026-02-15 01:36:54.628 +06:00 [INF] Tear Down and Closing the Driver.
2026-02-15 01:50:17.536 +06:00 [INF] Browser Setup is started.
2026-02-15 01:50:20.854 +06:00 [INF] Browser Setup is finished.
2026-02-15 01:50:20.855 +06:00 [INF] Goto the url:https://parabank.parasoft.com/parabank/index.htm
2026-02-15 01:50:20.857 +06:00 [INF] ExcelPath: C:\Users\mohai\source\repos\ParaBank_Playwright_DotNet\ParaBank_Playwright_DotNet\Resources/TestData\ParaBankTestData.xlsx
2026-02-15 01:50:20.857 +06:00 [INF] Excel Sheet Name: OpenNewAccountData
2026-02-15 01:50:20.912 +06:00 [INF] Enter the username: Alex
2026-02-15 01:50:20.953 +06:00 [INF] Enter the password: Passw0rd!
2026-02-15 01:50:20.968 +06:00 [INF] Click on the login button
2026-02-15 01:50:21.697 +06:00 [INF] Click on Open New Account Link
2026-02-15 01:50:22.401 +06:00 [INF] Select the account type: SAVINGS
2026-02-15 01:50:22.432 +06:00 [INF] Select From Account ID: 0
2026-02-15 01:50:23.212 +06:00 [INF] Click on open account button
2026-02-15 01:50:23.257 +06:00 [INF] Checking, Congrates message is visible or not
2026-02-15 01:50:23.593 +06:00 [DBG] Congrats Message:True
2026-02-15 01:50:23.594 +06:00 [INF] Checking, New Account Id is visible or not
2026-02-15 01:50:23.605 +06:00 [INF] New Account Id/Number: 17451
2026-02-15 01:50:23.608 +06:00 [DBG] New Account Number:True
2026-02-15 01:50:23.608 +06:00 [DBG] Actual Result: True
2026-02-15 01:50:28.839 +06:00 [INF] Tear Down and Closing the Driver.
