2026-02-20 15:14:28.427 +06:00 [INF] Browser Setup is started.
2026-02-20 15:14:38.252 +06:00 [INF] Browser Setup is finished.
2026-02-20 15:14:38.253 +06:00 [INF] Goto the url:https://parabank.parasoft.com/parabank/index.htm
2026-02-20 15:14:38.257 +06:00 [INF] ExcelPath: C:\Users\mohai\source\repos\ParaBank_Playwright_DotNet\ParaBank_Playwright_DotNet\Resources/TestData\ParaBankTestData.xlsx
2026-02-20 15:14:38.258 +06:00 [INF] Excel Sheet Name: RegisterData
2026-02-20 15:14:38.725 +06:00 [INF] Click on the registration link.
2026-02-20 15:14:39.278 +06:00 [INF] Enter the first name: Alex
2026-02-20 15:14:39.418 +06:00 [INF] Enter the last name: Carter
2026-02-20 15:14:39.481 +06:00 [INF] Enter the address: 123 Maple Street
2026-02-20 15:14:39.521 +06:00 [INF] Enter the city: Denver
2026-02-20 15:14:39.554 +06:00 [INF] Enter the state: CO
2026-02-20 15:14:39.580 +06:00 [INF] Enter the zip code: 80202
2026-02-20 15:14:39.611 +06:00 [INF] Enter the phone number: (303) 555-0198
2026-02-20 15:14:39.645 +06:00 [INF] Enter the SSN: 123-45-6789
2026-02-20 15:14:39.679 +06:00 [INF] Enter the username: Alex
2026-02-20 15:14:39.715 +06:00 [INF] Enter the password: Passw0rd!
2026-02-20 15:14:39.743 +06:00 [INF] Enter the confirm password: Passw0rd!
2026-02-20 15:14:39.765 +06:00 [INF] Click on the registration button
2026-02-20 15:14:40.174 +06:00 [INF] Checking, Welcome Message after registration is displaying or not
2026-02-20 15:14:47.868 +06:00 [INF] Tear Down and Closing the Driver.
2026-02-20 15:14:48.200 +06:00 [INF] Browser Setup is started.
2026-02-20 15:14:51.314 +06:00 [INF] Browser Setup is finished.
2026-02-20 15:14:51.314 +06:00 [INF] Goto the url:https://parabank.parasoft.com/parabank/index.htm
2026-02-20 15:14:51.319 +06:00 [INF] ExcelPath: C:\Users\mohai\source\repos\ParaBank_Playwright_DotNet\ParaBank_Playwright_DotNet\Resources/TestData\ParaBankTestData.xlsx
2026-02-20 15:14:51.319 +06:00 [INF] Excel Sheet Name: LoginData
2026-02-20 15:14:51.342 +06:00 [INF] Enter the username: Alex
2026-02-20 15:14:51.382 +06:00 [INF] Enter the password: Passw0rd!
2026-02-20 15:14:51.398 +06:00 [INF] Click on the login button
2026-02-20 15:14:52.437 +06:00 [INF] Checking, Account Overview Header is displaying or not
2026-02-20 15:14:54.149 +06:00 [INF] Tear Down and Closing the Driver.
2026-02-20 15:14:54.618 +06:00 [INF] Browser Setup is started.
2026-02-20 15:14:58.380 +06:00 [INF] Browser Setup is finished.
2026-02-20 15:14:58.381 +06:00 [INF] Goto the url:https://parabank.parasoft.com/parabank/index.htm
2026-02-20 15:14:58.385 +06:00 [INF] ExcelPath: C:\Users\mohai\source\repos\ParaBank_Playwright_DotNet\ParaBank_Playwright_DotNet\Resources/TestData\ParaBankTestData.xlsx
2026-02-20 15:14:58.385 +06:00 [INF] Excel Sheet Name: LogoutData
2026-02-20 15:14:58.399 +06:00 [INF] Enter the username: Alex
2026-02-20 15:14:58.473 +06:00 [INF] Enter the password: Passw0rd!
2026-02-20 15:14:58.503 +06:00 [INF] Click on the login button
2026-02-20 15:14:59.919 +06:00 [INF] Click on the logout link
2026-02-20 15:15:00.694 +06:00 [INF] Checking, Customer Login Header is visible or not.
2026-02-20 15:15:01.010 +06:00 [INF] Tear Down and Closing the Driver.
2026-02-20 15:15:01.522 +06:00 [INF] Browser Setup is started.
2026-02-20 15:15:07.075 +06:00 [INF] Browser Setup is finished.
2026-02-20 15:15:07.075 +06:00 [INF] Goto the url:https://parabank.parasoft.com/parabank/index.htm
2026-02-20 15:15:07.081 +06:00 [INF] ExcelPath: C:\Users\mohai\source\repos\ParaBank_Playwright_DotNet\ParaBank_Playwright_DotNet\Resources/TestData\ParaBankTestData.xlsx
2026-02-20 15:15:07.081 +06:00 [INF] Excel Sheet Name: ForgotLoginInfoData
2026-02-20 15:15:07.113 +06:00 [INF] Click on forgot login info link
2026-02-20 15:15:07.522 +06:00 [INF] Enter first name: Alex
2026-02-20 15:15:09.430 +06:00 [INF] Enter last name: Carter
2026-02-20 15:15:09.463 +06:00 [INF] Enter address: 123 Maple Street
2026-02-20 15:15:09.496 +06:00 [INF] Enter city name: Denver
2026-02-20 15:15:09.545 +06:00 [INF] Enter state name: CO
2026-02-20 15:15:09.573 +06:00 [INF] Enter the zip code: 80202
2026-02-20 15:15:09.599 +06:00 [INF] Enter the SSN: 123-45-6789
2026-02-20 15:15:09.627 +06:00 [INF] Click on 'Find My Login Info' button
2026-02-20 15:15:09.984 +06:00 [INF] Checking, Login info is visible or not
2026-02-20 15:15:39.999 +06:00 [INF] Timeout 30000ms exceeded.
Call log:
  - waiting for Locator("//*[@id=\"rightPanel\"]/p[2]")
2026-02-20 15:15:40.237 +06:00 [INF] Tear Down and Closing the Driver.
2026-02-20 15:15:40.760 +06:00 [INF] Browser Setup is started.
2026-02-20 15:15:47.067 +06:00 [INF] Browser Setup is finished.
2026-02-20 15:15:47.068 +06:00 [INF] Goto the url:https://parabank.parasoft.com/parabank/index.htm
2026-02-20 15:15:47.071 +06:00 [INF] ExcelPath: C:\Users\mohai\source\repos\ParaBank_Playwright_DotNet\ParaBank_Playwright_DotNet\Resources/TestData\ParaBankTestData.xlsx
2026-02-20 15:15:47.071 +06:00 [INF] Excel Sheet Name: OpenNewAccountData
2026-02-20 15:15:47.084 +06:00 [INF] Enter the username: Alex
2026-02-20 15:15:47.163 +06:00 [INF] Enter the password: Passw0rd!
2026-02-20 15:15:47.194 +06:00 [INF] Click on the login button
2026-02-20 15:15:48.080 +06:00 [INF] Click on Open New Account Link
2026-02-20 15:15:48.528 +06:00 [INF] Select the account type: SAVINGS
2026-02-20 15:15:48.571 +06:00 [INF] Select From Account ID: 0
2026-02-20 15:15:49.348 +06:00 [INF] Click on open account button
2026-02-20 15:15:49.398 +06:00 [INF] Checking, Congrates message is visible or not
2026-02-20 15:15:49.749 +06:00 [DBG] Congrats Message:True
2026-02-20 15:15:49.751 +06:00 [INF] Checking, New Account Id is visible or not
2026-02-20 15:15:49.766 +06:00 [INF] New Account Id/Number: 20004
2026-02-20 15:15:49.771 +06:00 [DBG] New Account Number:True
2026-02-20 15:15:49.771 +06:00 [DBG] Actual Result: True
2026-02-20 15:15:49.995 +06:00 [INF] Tear Down and Closing the Driver.
