2026-02-12 22:40:16.576 +06:00 [INF] Browser Setup is started.
2026-02-12 22:40:20.765 +06:00 [INF] Browser Setup is finished.
2026-02-12 22:40:20.766 +06:00 [INF] Goto the url:https://parabank.parasoft.com/parabank/index.htm
2026-02-12 22:40:20.862 +06:00 [INF] Enter the username: Jamal
2026-02-12 22:40:20.942 +06:00 [INF] Enter the password: Sec123456#
2026-02-12 22:40:20.973 +06:00 [INF] Click on the login button
2026-02-12 22:40:21.490 +06:00 [INF] Click on the logout link
2026-02-12 22:40:51.514 +06:00 [ERR] Timeout 30000ms exceeded.
Call log:
  - waiting for Locator("//a[normalize-space()='Log Out']")
2026-02-12 22:40:51.517 +06:00 [ERR] Timeout 30000ms exceeded.
Call log:
  - waiting for Locator("//a[normalize-space()='Log Out']")
2026-02-12 22:40:59.021 +06:00 [INF] Tear Down and Closing the Driver.
2026-02-12 23:16:46.869 +06:00 [INF] Browser Setup is started.
2026-02-12 23:16:58.943 +06:00 [INF] Browser Setup is finished.
2026-02-12 23:16:58.944 +06:00 [INF] Goto the url:https://parabank.parasoft.com/parabank/index.htm
2026-02-12 23:16:59.381 +06:00 [INF] Enter the username: Jamal
2026-02-12 23:16:59.455 +06:00 [INF] Enter the password: Sec123456#
2026-02-12 23:16:59.489 +06:00 [INF] Click on the login button
2026-02-12 23:17:00.798 +06:00 [INF] Click on the logout link
2026-02-12 23:17:01.652 +06:00 [INF] Checking, Customer Login Header is visible or not.
2026-02-12 23:17:09.079 +06:00 [INF] Tear Down and Closing the Driver.
2026-02-12 23:17:30.531 +06:00 [INF] Browser Setup is started.
2026-02-12 23:17:34.469 +06:00 [INF] Browser Setup is finished.
2026-02-12 23:17:34.470 +06:00 [INF] Goto the url:https://parabank.parasoft.com/parabank/index.htm
2026-02-12 23:17:34.557 +06:00 [INF] Enter the username: Alex
2026-02-12 23:17:34.621 +06:00 [INF] Enter the password: Passw0rd!
2026-02-12 23:17:34.656 +06:00 [INF] Click on the login button
2026-02-12 23:17:36.094 +06:00 [INF] Click on the logout link
2026-02-12 23:17:37.412 +06:00 [INF] Checking, Customer Login Header is visible or not.
2026-02-12 23:17:44.657 +06:00 [INF] Tear Down and Closing the Driver.
2026-02-12 23:17:59.350 +06:00 [INF] Browser Setup is started.
2026-02-12 23:18:04.156 +06:00 [INF] Browser Setup is finished.
2026-02-12 23:18:04.157 +06:00 [INF] Goto the url:https://parabank.parasoft.com/parabank/index.htm
2026-02-12 23:18:04.253 +06:00 [INF] Enter the username: Sofia
2026-02-12 23:18:04.325 +06:00 [INF] Enter the password: Qwerty!99
2026-02-12 23:18:04.357 +06:00 [INF] Click on the login button
2026-02-12 23:18:06.423 +06:00 [INF] Click on the logout link
2026-02-12 23:18:07.472 +06:00 [INF] Checking, Customer Login Header is visible or not.
2026-02-12 23:18:14.550 +06:00 [INF] Tear Down and Closing the Driver.
2026-02-12 23:18:39.406 +06:00 [INF] Browser Setup is started.
2026-02-12 23:18:43.143 +06:00 [INF] Browser Setup is finished.
2026-02-12 23:18:43.144 +06:00 [INF] Goto the url:https://parabank.parasoft.com/parabank/index.htm
2026-02-12 23:18:43.260 +06:00 [INF] Enter the username: Ethan
2026-02-12 23:18:43.314 +06:00 [INF] Enter the password: Abc123$
2026-02-12 23:18:43.334 +06:00 [INF] Click on the login button
2026-02-12 23:18:44.289 +06:00 [INF] Click on the logout link
2026-02-12 23:18:45.226 +06:00 [INF] Checking, Customer Login Header is visible or not.
2026-02-12 23:18:52.506 +06:00 [INF] Tear Down and Closing the Driver.
2026-02-12 23:20:11.108 +06:00 [INF] Browser Setup is started.
2026-02-12 23:20:15.573 +06:00 [INF] Browser Setup is finished.
2026-02-12 23:20:15.574 +06:00 [INF] Goto the url:https://parabank.parasoft.com/parabank/index.htm
2026-02-12 23:20:15.667 +06:00 [INF] Enter the username: Ethan
2026-02-12 23:20:15.726 +06:00 [INF] Enter the password: Abc123$
2026-02-12 23:20:15.749 +06:00 [INF] Click on the login button
2026-02-12 23:20:45.771 +06:00 [ERR] Timeout 30000ms exceeded.
Call log:
  - waiting for Locator("//input[@value='Log I']")
2026-02-12 23:20:53.282 +06:00 [INF] Tear Down and Closing the Driver.
2026-02-12 23:23:27.291 +06:00 [INF] Browser Setup is started.
2026-02-12 23:23:31.559 +06:00 [INF] Browser Setup is finished.
2026-02-12 23:23:31.559 +06:00 [INF] Goto the url:https://parabank.parasoft.com/parabank/index.htm
2026-02-12 23:23:31.655 +06:00 [INF] Enter the username: Ethan
2026-02-12 23:23:31.727 +06:00 [INF] Enter the password: Abc123$
2026-02-12 23:23:31.759 +06:00 [INF] Click on the login button
2026-02-12 23:24:01.784 +06:00 [ERR] Timeout 30000ms exceeded.
Call log:
  - waiting for Locator("//input[@value='Log I']")
2026-02-12 23:24:10.000 +06:00 [INF] Tear Down and Closing the Driver.
