2026-02-13 01:45:34.724 +06:00 [INF] Browser Setup is started.
2026-02-13 01:45:38.738 +06:00 [INF] Browser Setup is finished.
2026-02-13 01:45:38.739 +06:00 [INF] Goto the url:https://parabank.parasoft.com/parabank/index.htm
2026-02-13 01:45:38.842 +06:00 [INF] Enter the username: Ethan
2026-02-13 01:45:38.897 +06:00 [INF] Enter the password: Abc123$
2026-02-13 01:45:38.917 +06:00 [INF] Click on the login button
2026-02-13 01:45:39.642 +06:00 [INF] Click on the logout link
2026-02-13 01:46:09.663 +06:00 [ERR] Timeout 30000ms exceeded.
Call log:
  - waiting for Locator("//a[normalize-space()='Log Out']")
2026-02-13 01:46:09.665 +06:00 [INF] Checking, Customer Login Header is visible or not.
2026-02-13 01:46:17.737 +06:00 [INF] Tear Down and Closing the Driver.
2026-02-13 01:49:12.009 +06:00 [INF] Browser Setup is started.
2026-02-13 01:49:16.157 +06:00 [INF] Browser Setup is finished.
2026-02-13 01:49:16.158 +06:00 [INF] Goto the url:https://parabank.parasoft.com/parabank/index.htm
2026-02-13 01:49:16.245 +06:00 [INF] Enter the username: Ethan
2026-02-13 01:49:16.310 +06:00 [INF] Enter the password: Abc123$
2026-02-13 01:49:16.341 +06:00 [INF] Click on the login button
2026-02-13 01:49:16.778 +06:00 [INF] Click on the logout link
2026-02-13 01:49:46.810 +06:00 [ERR] Timeout 30000ms exceeded.
Call log:
  - waiting for Locator("//a[normalize-space()='Log Out']")
2026-02-13 01:49:46.812 +06:00 [INF] Checking, Customer Login Header is visible or not.
2026-02-13 01:49:54.788 +06:00 [INF] Tear Down and Closing the Driver.
2026-02-13 01:55:06.080 +06:00 [INF] Browser Setup is started.
2026-02-13 01:55:10.747 +06:00 [INF] Browser Setup is finished.
2026-02-13 01:55:10.748 +06:00 [INF] Goto the url:https://parabank.parasoft.com/parabank/index.htm
2026-02-13 01:55:10.832 +06:00 [INF] Enter the username: Ethan
2026-02-13 01:55:10.890 +06:00 [INF] Enter the password: Abc123$
2026-02-13 01:55:10.912 +06:00 [INF] Click on the login button
2026-02-13 01:55:41.376 +06:00 [ERR] Timeout 30000ms exceeded.
Call log:
  - waiting for Locator("//a[normalize-space()='Log Out']")
2026-02-13 01:55:48.978 +06:00 [INF] Tear Down and Closing the Driver.
2026-02-13 01:58:42.728 +06:00 [INF] Browser Setup is started.
2026-02-13 01:58:46.896 +06:00 [INF] Browser Setup is finished.
2026-02-13 01:58:46.897 +06:00 [INF] Goto the url:https://parabank.parasoft.com/parabank/index.htm
2026-02-13 01:58:47.015 +06:00 [INF] Enter the username: Ethan
2026-02-13 01:58:47.111 +06:00 [INF] Enter the password: Abc123$
2026-02-13 01:58:47.140 +06:00 [INF] Click on the login button
2026-02-13 01:59:17.668 +06:00 [ERR] Timeout 30000ms exceeded.
Call log:
  - waiting for Locator("//a[normalize-space()='Log Out']")
2026-02-13 01:59:25.521 +06:00 [INF] Tear Down and Closing the Driver.
2026-02-13 02:01:09.322 +06:00 [INF] Browser Setup is started.
2026-02-13 02:01:13.463 +06:00 [INF] Browser Setup is finished.
2026-02-13 02:01:13.464 +06:00 [INF] Goto the url:https://parabank.parasoft.com/parabank/index.htm
2026-02-13 02:01:13.554 +06:00 [INF] Enter the username: Ethan
2026-02-13 02:01:13.629 +06:00 [INF] Enter the password: Abc123$
2026-02-13 02:01:13.659 +06:00 [INF] Click on the login button
2026-02-13 02:01:44.222 +06:00 [ERR] Timeout 30000ms exceeded.
Call log:
  - waiting for Locator("//a[normalize-space()='Log Out']")
2026-02-13 02:01:52.110 +06:00 [INF] Tear Down and Closing the Driver.
2026-02-13 02:04:16.626 +06:00 [INF] Browser Setup is started.
2026-02-13 02:04:20.414 +06:00 [INF] Browser Setup is finished.
2026-02-13 02:04:20.414 +06:00 [INF] Goto the url:https://parabank.parasoft.com/parabank/index.htm
2026-02-13 02:04:20.509 +06:00 [INF] Enter the username: Ethan
2026-02-13 02:04:20.567 +06:00 [INF] Enter the password: Abc123$
2026-02-13 02:04:20.589 +06:00 [INF] Click on the login button
2026-02-13 02:04:21.038 +06:00 [INF] Click on the logout link
2026-02-13 02:04:51.050 +06:00 [ERR] Timeout 30000ms exceeded.
Call log:
  - waiting for Locator("//a[normalize-space()='Log Out']")
2026-02-13 02:04:51.052 +06:00 [INF] Checking, Customer Login Header is visible or not.
2026-02-13 02:04:59.090 +06:00 [INF] Tear Down and Closing the Driver.
2026-02-13 02:09:14.285 +06:00 [INF] Browser Setup is started.
2026-02-13 02:09:18.464 +06:00 [INF] Browser Setup is finished.
2026-02-13 02:09:18.465 +06:00 [INF] Goto the url:https://parabank.parasoft.com/parabank/index.htm
2026-02-13 02:09:18.547 +06:00 [INF] Enter the username: Ethan
2026-02-13 02:09:18.612 +06:00 [INF] Enter the password: Abc123$
2026-02-13 02:09:18.641 +06:00 [INF] Click on the login button
2026-02-13 02:09:19.505 +06:00 [INF] Click on the logout link
2026-02-13 02:09:49.539 +06:00 [ERR] Timeout 30000ms exceeded.
Call log:
  - waiting for Locator("//a[normalize-space()='Log Out']")
2026-02-13 02:09:49.542 +06:00 [INF] Checking, Customer Login Header is visible or not.
2026-02-13 02:09:57.206 +06:00 [INF] Tear Down and Closing the Driver.
2026-02-13 02:14:20.742 +06:00 [INF] Browser Setup is started.
2026-02-13 02:14:24.823 +06:00 [INF] Browser Setup is finished.
2026-02-13 02:14:24.824 +06:00 [INF] Goto the url:https://parabank.parasoft.com/parabank/index.htm
2026-02-13 02:14:24.911 +06:00 [INF] Enter the username: Ethan
2026-02-13 02:14:24.981 +06:00 [INF] Enter the password: Abc123$
2026-02-13 02:14:25.009 +06:00 [INF] Click on the login button
2026-02-13 02:14:55.507 +06:00 [ERR] Timeout 30000ms exceeded.
Call log:
  - waiting for Locator("//a[normalize-space()='Log Out']")
2026-02-13 02:15:03.263 +06:00 [INF] Tear Down and Closing the Driver.
