2026-02-11 23:42:42.795 +06:00 [INF] Browser Setup is started.
2026-02-11 23:42:47.515 +06:00 [INF] Browser Setup is finished.
2026-02-11 23:42:47.518 +06:00 [INF] Goto the url:https://parabank.parasoft.com/parabank/index.htm
2026-02-11 23:42:47.615 +06:00 [INF] Click on the registration link.
2026-02-11 23:42:48.086 +06:00 [INF] Enter the first name: Alex
2026-02-11 23:42:48.974 +06:00 [INF] Enter the last name: Carter
2026-02-11 23:42:49.014 +06:00 [INF] Enter the address: 123 Maple Street
2026-02-11 23:42:49.048 +06:00 [INF] Enter the city: Denver
2026-02-11 23:42:49.078 +06:00 [INF] Enter the state: CO
2026-02-11 23:42:49.110 +06:00 [INF] Enter the zip code: 80202
2026-02-11 23:42:49.140 +06:00 [INF] Enter the phone number: (303) 555-0198
2026-02-11 23:42:49.169 +06:00 [INF] Enter the SSN: 123-45-6789
2026-02-11 23:42:49.217 +06:00 [INF] Enter the username: Alex
2026-02-11 23:42:49.253 +06:00 [INF] Enter the password: Passw0rd!
2026-02-11 23:42:49.282 +06:00 [INF] Enter the confirm password: Passw0rd!
2026-02-11 23:42:49.302 +06:00 [INF] Click on the registration button
2026-02-11 23:42:49.763 +06:00 [INF] Checking, Welcome Message after registration is displaying or not
2026-02-11 23:42:57.486 +06:00 [INF] Tear Down and Closing the Driver.
2026-02-11 23:42:57.776 +06:00 [INF] Browser Setup is started.
2026-02-11 23:43:01.593 +06:00 [INF] Browser Setup is finished.
2026-02-11 23:43:01.594 +06:00 [INF] Goto the url:https://parabank.parasoft.com/parabank/index.htm
2026-02-11 23:43:01.607 +06:00 [INF] Enter the username: Alex
2026-02-11 23:43:01.700 +06:00 [INF] Enter the password: Passw0rd!
2026-02-11 23:43:01.741 +06:00 [INF] Click on the login button
2026-02-11 23:43:02.778 +06:00 [INF] Checking, Account Overview Header is displaying or not
2026-02-11 23:43:05.370 +06:00 [INF] Tear Down and Closing the Driver.
2026-02-11 23:43:05.818 +06:00 [INF] Browser Setup is started.
2026-02-11 23:43:09.578 +06:00 [INF] Browser Setup is finished.
2026-02-11 23:43:09.579 +06:00 [INF] Goto the url:https://parabank.parasoft.com/parabank/index.htm
2026-02-11 23:43:09.588 +06:00 [INF] Enter the username: Alex
2026-02-11 23:43:09.668 +06:00 [INF] Enter the password: Passw0rd!
2026-02-11 23:43:09.697 +06:00 [INF] Click on the login button
2026-02-11 23:43:10.527 +06:00 [INF] Click on the logout link
2026-02-11 23:43:11.541 +06:00 [INF] Checking, Customer Login Header is visible or not.
2026-02-11 23:43:12.232 +06:00 [INF] Tear Down and Closing the Driver.
2026-02-11 23:50:38.824 +06:00 [INF] Browser Setup is started.
2026-02-11 23:50:43.892 +06:00 [INF] Browser Setup is finished.
2026-02-11 23:50:43.892 +06:00 [INF] Goto the url:https://parabank.parasoft.com/parabank/index.htm
2026-02-11 23:50:43.987 +06:00 [INF] Click on the registration link.
2026-02-11 23:50:44.513 +06:00 [INF] Enter the first name: Priya
2026-02-11 23:50:45.464 +06:00 [INF] Enter the last name: Singh
2026-02-11 23:50:45.500 +06:00 [INF] Enter the address: 456 Oak Avenue
2026-02-11 23:50:45.531 +06:00 [INF] Enter the city: Austin
2026-02-11 23:50:45.571 +06:00 [INF] Enter the state: TX
2026-02-11 23:50:45.602 +06:00 [INF] Enter the zip code: 73301
2026-02-11 23:50:45.632 +06:00 [INF] Enter the phone number: (512) 555-1122
2026-02-11 23:50:45.668 +06:00 [INF] Enter the SSN: 987-65-4321
2026-02-11 23:50:45.703 +06:00 [INF] Enter the username: Priya
2026-02-11 23:50:45.740 +06:00 [INF] Enter the password: Secure123#
2026-02-11 23:50:45.772 +06:00 [INF] Enter the confirm password: Secure123#
2026-02-11 23:50:45.794 +06:00 [INF] Click on the registration button
2026-02-11 23:50:46.189 +06:00 [INF] Checking, Welcome Message after registration is displaying or not
2026-02-11 23:50:53.389 +06:00 [INF] Tear Down and Closing the Driver.
2026-02-11 23:50:53.681 +06:00 [INF] Browser Setup is started.
2026-02-11 23:50:57.211 +06:00 [INF] Browser Setup is finished.
2026-02-11 23:50:57.212 +06:00 [INF] Goto the url:https://parabank.parasoft.com/parabank/index.htm
2026-02-11 23:50:57.222 +06:00 [INF] Enter the username: Priya
2026-02-11 23:50:57.303 +06:00 [INF] Enter the password: Secure123#
2026-02-11 23:50:57.331 +06:00 [INF] Click on the login button
2026-02-11 23:50:58.484 +06:00 [INF] Checking, Account Overview Header is displaying or not
2026-02-11 23:50:58.795 +06:00 [INF] Tear Down and Closing the Driver.
2026-02-11 23:50:59.280 +06:00 [INF] Browser Setup is started.
2026-02-11 23:51:09.437 +06:00 [INF] Browser Setup is finished.
2026-02-11 23:51:09.437 +06:00 [INF] Goto the url:https://parabank.parasoft.com/parabank/index.htm
2026-02-11 23:51:09.451 +06:00 [INF] Enter the username: Priya
2026-02-11 23:51:09.525 +06:00 [INF] Enter the password: Secure123#
2026-02-11 23:51:09.552 +06:00 [INF] Click on the login button
2026-02-11 23:51:11.710 +06:00 [INF] Click on the logout link
2026-02-11 23:51:13.617 +06:00 [INF] Checking, Customer Login Header is visible or not.
2026-02-11 23:51:14.008 +06:00 [INF] Tear Down and Closing the Driver.
